<?xml version="1.0" encoding="UTF-8"?>
<!-- Generated by org.testng.reporters.JUnitReportReporter -->
<testsuite hostname="HP-PAVILLION" failures="0" tests="1" name="demo.Sample" time="14.539" errors="0" timestamp="2024-12-13T17:53:29 IST" skipped="0">
  <testcase classname="demo.Sample" name="demo" time="14.539"/>
  <system-out>
    <![CDATA[Empty Browser Launched]]>
  </system-out>
</testsuite> <!-- demo.Sample -->
