<?xml version="1.0" encoding="UTF-8"?>
<!-- Generated by org.testng.reporters.JUnitReportReporter -->
<testsuite hostname="HP-PAVILLION" failures="0" tests="1" name="project.TC_DWS_005_TEST" time="2.011" errors="0" timestamp="2024-12-20T17:01:14 IST" skipped="0">
  <testcase classname="project.TC_DWS_005_TEST" name="clickOnBooks" time="2.011"/>
  <system-out/>
</testsuite> <!-- project.TC_DWS_005_TEST -->
