<?xml version="1.0" encoding="UTF-8"?>
<!-- Generated by org.testng.reporters.JUnitReportReporter -->
<testsuite hostname="HP-PAVILLION" failures="0" tests="1" name="demo.SampleTest" time="0.014" errors="0" timestamp="2024-12-14T16:45:28 IST" skipped="0">
  <testcase classname="demo.SampleTest" name="launch" time="0.014"/>
  <system-out>
    <![CDATA[SampleTest Class Executed]]>
  </system-out>
</testsuite> <!-- demo.SampleTest -->
